<?xml version="1.0" encoding="UTF-8"?>
<testsuite xmlns:xsi="http://www.w3.org/2001/XMLSchema-instance" xsi:noNamespaceSchemaLocation="https://maven.apache.org/surefire/maven-surefire-plugin/xsd/surefire-test-report.xsd" name="com.kibernumacademy.myapp.AppTest" time="0.003" tests="0" errors="0" skipped="0" failures="0">
  <properties>
    <property name="java.specification.version" value="15"/>
    <property name="sun.jnu.encoding" value="UTF-8"/>
    <property name="java.class.path" value="/home/ext_acvalenzuela/Documentos/TalentoDigital/ProyectoTD/ControlInventario/target/test-classes:/home/ext_acvalenzuela/Documentos/TalentoDigital/ProyectoTD/ControlInventario/target/classes:/home/ext_acvalenzuela/.m2/repository/org/junit/jupiter/junit-jupiter-api/5.9.3/junit-jupiter-api-5.9.3.jar:/home/ext_acvalenzuela/.m2/repository/org/opentest4j/opentest4j/1.2.0/opentest4j-1.2.0.jar:/home/ext_acvalenzuela/.m2/repository/org/junit/platform/junit-platform-commons/1.9.3/junit-platform-commons-1.9.3.jar:/home/ext_acvalenzuela/.m2/repository/org/apiguardian/apiguardian-api/1.1.2/apiguardian-api-1.1.2.jar:"/>
    <property name="java.vm.vendor" value="Oracle Corporation"/>
    <property name="sun.arch.data.model" value="64"/>
    <property name="java.vendor.url" value="https://java.oracle.com/"/>
    <property name="os.name" value="Linux"/>
    <property name="java.vm.specification.version" value="15"/>
    <property name="sun.java.launcher" value="SUN_STANDARD"/>
    <property name="user.country" value="CL"/>
    <property name="sun.boot.library.path" value="/usr/lib/jvm/java-15-oracle/lib"/>
    <property name="sun.java.command" value="/home/ext_acvalenzuela/Documentos/TalentoDigital/ProyectoTD/ControlInventario/target/surefire/surefirebooter11926350988551701596.jar /home/ext_acvalenzuela/Documentos/TalentoDigital/ProyectoTD/ControlInventario/target/surefire 2023-05-18T19-36-22_953-jvmRun1 surefire3896299111032628351tmp surefire_012947643389008909021tmp"/>
    <property name="jdk.debug" value="release"/>
    <property name="surefire.test.class.path" value="/home/ext_acvalenzuela/Documentos/TalentoDigital/ProyectoTD/ControlInventario/target/test-classes:/home/ext_acvalenzuela/Documentos/TalentoDigital/ProyectoTD/ControlInventario/target/classes:/home/ext_acvalenzuela/.m2/repository/org/junit/jupiter/junit-jupiter-api/5.9.3/junit-jupiter-api-5.9.3.jar:/home/ext_acvalenzuela/.m2/repository/org/opentest4j/opentest4j/1.2.0/opentest4j-1.2.0.jar:/home/ext_acvalenzuela/.m2/repository/org/junit/platform/junit-platform-commons/1.9.3/junit-platform-commons-1.9.3.jar:/home/ext_acvalenzuela/.m2/repository/org/apiguardian/apiguardian-api/1.1.2/apiguardian-api-1.1.2.jar:"/>
    <property name="sun.cpu.endian" value="little"/>
    <property name="user.home" value="/home/ext_acvalenzuela"/>
    <property name="user.language" value="es"/>
    <property name="java.specification.vendor" value="Oracle Corporation"/>
    <property name="java.version.date" value="2021-01-19"/>
    <property name="java.home" value="/usr/lib/jvm/java-15-oracle"/>
    <property name="file.separator" value="/"/>
    <property name="basedir" value="/home/ext_acvalenzuela/Documentos/TalentoDigital/ProyectoTD/ControlInventario"/>
    <property name="java.vm.compressedOopsMode" value="32-bit"/>
    <property name="line.separator" value="&#10;"/>
    <property name="java.vm.specification.vendor" value="Oracle Corporation"/>
    <property name="java.specification.name" value="Java Platform API Specification"/>
    <property name="surefire.real.class.path" value="/home/ext_acvalenzuela/Documentos/TalentoDigital/ProyectoTD/ControlInventario/target/surefire/surefirebooter11926350988551701596.jar"/>
    <property name="sun.management.compiler" value="HotSpot 64-Bit Tiered Compilers"/>
    <property name="java.runtime.version" value="15.0.2+7-27"/>
    <property name="user.name" value="ext_acvalenzuela"/>
    <property name="path.separator" value=":"/>
    <property name="os.version" value="5.4.0-148-generic"/>
    <property name="java.runtime.name" value="Java(TM) SE Runtime Environment"/>
    <property name="file.encoding" value="UTF-8"/>
    <property name="java.vm.name" value="Java HotSpot(TM) 64-Bit Server VM"/>
    <property name="localRepository" value="/home/ext_acvalenzuela/.m2/repository"/>
    <property name="java.vendor.url.bug" value="https://bugreport.java.com/bugreport/"/>
    <property name="java.io.tmpdir" value="/tmp"/>
    <property name="java.version" value="15.0.2"/>
    <property name="user.dir" value="/home/ext_acvalenzuela/Documentos/TalentoDigital/ProyectoTD/ControlInventario"/>
    <property name="os.arch" value="amd64"/>
    <property name="java.vm.specification.name" value="Java Virtual Machine Specification"/>
    <property name="java.library.path" value="/usr/java/packages/lib:/usr/lib64:/lib64:/lib:/usr/lib"/>
    <property name="java.vm.info" value="mixed mode, sharing"/>
    <property name="java.vendor" value="Oracle Corporation"/>
    <property name="java.vm.version" value="15.0.2+7-27"/>
    <property name="sun.io.unicode.encoding" value="UnicodeLittle"/>
    <property name="java.class.version" value="59.0"/>
  </properties>
</testsuite>